Vivado Simulator 2018.3
Copyright 1986-1999, 2001-2018 Xilinx, Inc. All Rights Reserved.
Running: D:/xilinx/Vivado/2018.3/bin/unwrapped/win64.o/xelab.exe -wto 36b375e3a1b145ad909950926ecdf530 --incr --debug typical --relax --mt 2 -L xil_defaultlib -L secureip --snapshot mc_tb_behav xil_defaultlib.mc_tb -log elaborate.log 
Using 2 slave threads.
Starting static elaboration
Completed static elaboration
Starting simulation data flow analysis
Completed simulation data flow analysis
Time Resolution for simulation is 1ps
Compiling package std.standard
Compiling package std.textio
Compiling package ieee.std_logic_1164
Compiling package ieee.std_logic_textio
Compiling package ieee.std_logic_arith
Compiling package ieee.std_logic_unsigned
Compiling architecture behavioral of entity xil_defaultlib.cm [cm_default]
Compiling architecture behavioral of entity xil_defaultlib.DLED [dled_default]
Compiling architecture behavioral of entity xil_defaultlib.mc [mc_default]
Compiling architecture behavioral of entity xil_defaultlib.mc_tb
Built simulation snapshot mc_tb_behav
